\BOOKMARK [1][-]{section.1}{\376\377\000B\000a\000s\000i\000c\000s\000\040\000o\000f\000\040\000A\000r\000c\000h\000i\000t\000e\000c\000t\000u\000r\000e}{}% 1
\BOOKMARK [2][-]{subsection.1.1}{\376\377\000E\000x\000e\000c\000u\000t\000i\000o\000n\000\040\000a\000b\000s\000t\000r\000a\000c\000t\000i\000o\000n}{section.1}% 2
\BOOKMARK [2][-]{subsection.1.2}{\376\377\000P\000a\000r\000a\000l\000l\000e\000l\000\040\000e\000x\000e\000c\000u\000t\000i\000o\000n\000\040\000a\000n\000d\000\040\000w\000a\000r\000p\000s}{section.1}% 3
\BOOKMARK [2][-]{subsection.1.3}{\376\377\000M\000e\000m\000o\000r\000y\000\040\000m\000o\000d\000e\000l}{section.1}% 4
\BOOKMARK [2][-]{subsection.1.4}{\376\377\000M\000e\000m\000o\000r\000\040\000a\000l\000l\000o\000c\000a\000t\000i\000o\000n\000\040\000m\000o\000d\000e\000l}{section.1}% 5
\BOOKMARK [1][-]{section.2}{\376\377\000P\000r\000o\000g\000r\000a\000m\000m\000i\000n\000g\000\040\000i\000n\000\040\000C\000U\000D\000A}{}% 6
\BOOKMARK [2][-]{subsection.2.1}{\376\377\000S\000e\000t\000u\000p}{section.2}% 7
\BOOKMARK [3][-]{subsubsection.2.1.1}{\376\377\000H\000e\000l\000l\000o\000\040\000f\000r\000o\000m\000\040\000C\000U\000D\000A}{subsection.2.1}% 8
\BOOKMARK [2][-]{subsection.2.2}{\376\377\000T\000h\000r\000e\000a\000d\000s\000\040\000\046\000\040\000b\000l\000o\000c\000k\000s\000\040\000i\000n\000d\000e\000x\000i\000n\000g}{section.2}% 9
\BOOKMARK [2][-]{subsection.2.3}{\376\377\000M\000e\000m\000o\000r\000y}{section.2}% 10
\BOOKMARK [3][-]{subsubsection.2.3.1}{\376\377\000V\000e\000c\000t\000o\000r\000\040\000a\000d\000d\000i\000t\000i\000o\000n}{subsection.2.3}% 11
\BOOKMARK [3][-]{subsubsection.2.3.2}{\376\377\000M\000u\000l\000t\000i\000p\000l\000e\000\040\000d\000i\000m\000e\000n\000s\000i\000o\000n\000\040\000m\000e\000m\000o\000r\000y}{subsection.2.3}% 12
\BOOKMARK [2][-]{subsection.2.4}{\376\377\000S\000h\000a\000r\000e\000d\000\040\000m\000e\000m\000o\000r\000y\000\040\000v\000s\000\040\000g\000l\000o\000b\000a\000l\000\040\000m\000e\000m\000o\000r\000y}{section.2}% 13
\BOOKMARK [2][-]{subsection.2.5}{\376\377\000M\000o\000r\000e\000\040\000r\000e\000m\000a\000r\000k\000s\000\040\000o\000n\000\040\000m\000e\000m\000o\000r\000y}{section.2}% 14
\BOOKMARK [1][-]{section.3}{\376\377\000B\000a\000s\000i\000c\000\040\000p\000a\000r\000a\000l\000l\000e\000l\000\040\000a\000l\000g\000o\000r\000i\000t\000h\000m\000s\000\040\000\046\000\040\000p\000a\000t\000t\000e\000r\000n\000s}{}% 15
\BOOKMARK [2][-]{subsection.3.1}{\376\377\000R\000e\000d\000u\000c\000e}{section.3}% 16
\BOOKMARK [1][-]{section.4}{\376\377\000C\000U\000D\000A\000\040\000s\000y\000n\000c\000h\000r\000o\000n\000i\000z\000a\000t\000i\000o\000n\000\040\000m\000e\000c\000h\000a\000n\000i\000s\000m\000s}{}% 17
\BOOKMARK [2][-]{subsection.4.1}{\376\377\000A\000t\000o\000m\000i\000c\000s}{section.4}% 18
\BOOKMARK [2][-]{subsection.4.2}{\376\377\000T\000h\000r\000e\000a\000d\000\040\000b\000l\000o\000c\000k\000\040\000s\000y\000n\000c\000h\000r\000o\000n\000i\000z\000a\000t\000i\000o\000n}{section.4}% 19
\BOOKMARK [1][-]{section.5}{\376\377\000S\000t\000r\000e\000a\000m\000s}{}% 20
\BOOKMARK [1][-]{section.6}{\376\377\000O\000p\000t\000i\000m\000i\000z\000a\000t\000i\000o\000n}{}% 21
\BOOKMARK [1][-]{section.7}{\376\377\000M\000i\000n\000i\000m\000a\000l\000\040\000d\000e\000v\000e\000l\000o\000p\000p\000e\000r\000s\000\040\000t\000o\000o\000l\000s}{}% 22
\BOOKMARK [1][-]{section.8}{\376\377\000A\000p\000p\000e\000n\000d\000i\000x}{}% 23
